# JRE version: Java(TM) SE Runtime Environment (17.0.2+8) (build 17.0.2+8-LTS-86)
# Java VM: Java HotSpot(TM) 64-Bit Server VM (17.0.2+8-LTS-86, mixed mode, sharing, tiered, compressed oops, compressed class ptrs, g1 gc, windows-amd64)
GC Precious Log:
 CPUs: 4 total, 4 available
 Memory: 5935M
 Large Page Support: Disabled
 NUMA Support: Disabled
 Compressed Oops: Enabled (32-bit)
 Heap Region Size: 1M
 Heap Min Capacity: 8M
 Heap Initial Capacity: 94M
 Heap Max Capacity: 1484M
 Pre-touch: Disabled
 Parallel Workers: 4
 Concurrent Workers: 1
 Concurrent Refinement Workers: 4
 Periodic GC: Disabled
Heap:
 garbage-first heap   total 96256K, used 45485K [0x00000000a3400000, 0x0000000100000000)
  region size 1024K, 2 young (2048K), 2 survivors (2048K)
 Metaspace       used 20948K, committed 21248K, reserved 1073152K
  class space    used 2423K, committed 2560K, reserved 1048576K
GC Heap History (17 events):
Event: 10.120 GC heap before
{Heap before GC invocations=0 (full 0):
 garbage-first heap   total 96256K, used 17408K [0x00000000a3400000, 0x0000000100000000)
  region size 1024K, 13 young (13312K), 0 survivors (0K)
 Metaspace       used 10496K, committed 10752K, reserved 1064960K
  class space    used 1294K, committed 1408K, reserved 1048576K
}
Event: 10.128 GC heap after
{Heap after GC invocations=1 (full 0):
 garbage-first heap   total 96256K, used 7648K [0x00000000a3400000, 0x0000000100000000)
  region size 1024K, 2 young (2048K), 2 survivors (2048K)
 Metaspace       used 10496K, committed 10752K, reserved 1064960K
  class space    used 1294K, committed 1408K, reserved 1048576K
}
Event: 10.696 GC heap before
{Heap before GC invocations=1 (full 0):
 garbage-first heap   total 96256K, used 16864K [0x00000000a3400000, 0x0000000100000000)
  region size 1024K, 12 young (12288K), 2 survivors (2048K)
 Metaspace       used 15064K, committed 15296K, reserved 1064960K
  class space    used 1781K, committed 1920K, reserved 1048576K
}
Event: 10.705 GC heap after
{Heap after GC invocations=2 (full 0):
 garbage-first heap   total 96256K, used 9834K [0x00000000a3400000, 0x0000000100000000)
  region size 1024K, 2 young (2048K), 2 survivors (2048K)
 Metaspace       used 15064K, committed 15296K, reserved 1064960K
  class space    used 1781K, committed 1920K, reserved 1048576K
}
Event: 12.279 GC heap before
{Heap before GC invocations=2 (full 0):
 garbage-first heap   total 96256K, used 42602K [0x00000000a3400000, 0x0000000100000000)
  region size 1024K, 26 young (26624K), 2 survivors (2048K)
 Metaspace       used 20152K, committed 20416K, reserved 1073152K
  class space    used 2344K, committed 2496K, reserved 1048576K
}
Event: 12.287 GC heap after
{Heap after GC invocations=3 (full 0):
 garbage-first heap   total 96256K, used 18679K [0x00000000a3400000, 0x0000000100000000)
  region size 1024K, 4 young (4096K), 4 survivors (4096K)
 Metaspace       used 20152K, committed 20416K, reserved 1073152K
  class space    used 2344K, committed 2496K, reserved 1048576K
}
Event: 14.283 GC heap before
{Heap before GC invocations=3 (full 0):
 garbage-first heap   total 96256K, used 71927K [0x00000000a3400000, 0x0000000100000000)
  region size 1024K, 30 young (30720K), 4 survivors (4096K)
 Metaspace       used 20892K, committed 21184K, reserved 1073152K
  class space    used 2422K, committed 2560K, reserved 1048576K
}
Event: 14.292 GC heap after
{Heap after GC invocations=4 (full 0):
 garbage-first heap   total 96256K, used 45781K [0x00000000a3400000, 0x0000000100000000)
  region size 1024K, 5 young (5120K), 5 survivors (5120K)
 Metaspace       used 20892K, committed 21184K, reserved 1073152K
  class space    used 2422K, committed 2560K, reserved 1048576K
}
Event: 14.295 GC heap before
{Heap before GC invocations=4 (full 0):
 garbage-first heap   total 96256K, used 47829K [0x00000000a3400000, 0x0000000100000000)
  region size 1024K, 6 young (6144K), 5 survivors (5120K)
 Metaspace       used 20892K, committed 21184K, reserved 1073152K
  class space    used 2422K, committed 2560K, reserved 1048576K
}
Event: 14.300 GC heap after
{Heap after GC invocations=5 (full 0):
 garbage-first heap   total 96256K, used 47748K [0x00000000a3400000, 0x0000000100000000)
  region size 1024K, 3 young (3072K), 3 survivors (3072K)
 Metaspace       used 20892K, committed 21184K, reserved 1073152K
  class space    used 2422K, committed 2560K, reserved 1048576K
}
Event: 14.476 GC heap before
{Heap before GC invocations=6 (full 0):
 garbage-first heap   total 96256K, used 52868K [0x00000000a3400000, 0x0000000100000000)
  region size 1024K, 9 young (9216K), 3 survivors (3072K)
 Metaspace       used 20917K, committed 21184K, reserved 1073152K
  class space    used 2423K, committed 2560K, reserved 1048576K
}
Event: 14.479 GC heap after
{Heap after GC invocations=7 (full 0):
 garbage-first heap   total 96256K, used 39468K [0x00000000a3400000, 0x0000000100000000)
  region size 1024K, 3 young (3072K), 3 survivors (3072K)
 Metaspace       used 20917K, committed 21184K, reserved 1073152K
  class space    used 2423K, committed 2560K, reserved 1048576K
}
Event: 14.543 GC heap before
{Heap before GC invocations=7 (full 0):
 garbage-first heap   total 96256K, used 43564K [0x00000000a3400000, 0x0000000100000000)
  region size 1024K, 4 young (4096K), 3 survivors (3072K)
 Metaspace       used 20917K, committed 21184K, reserved 1073152K
  class space    used 2423K, committed 2560K, reserved 1048576K
}
Event: 14.545 GC heap after
{Heap after GC invocations=8 (full 0):
 garbage-first heap   total 96256K, used 43517K [0x00000000a3400000, 0x0000000100000000)
  region size 1024K, 3 young (3072K), 3 survivors (3072K)
 Metaspace       used 20917K, committed 21184K, reserved 1073152K
  class space    used 2423K, committed 2560K, reserved 1048576K
}
Event: 14.586 GC heap before
{Heap before GC invocations=8 (full 0):
 garbage-first heap   total 96256K, used 47613K [0x00000000a3400000, 0x0000000100000000)
  region size 1024K, 6 young (6144K), 3 survivors (3072K)
 Metaspace       used 20919K, committed 21184K, reserved 1073152K
  class space    used 2423K, committed 2560K, reserved 1048576K
}
Event: 14.589 GC heap after
{Heap after GC invocations=9 (full 0):
 garbage-first heap   total 96256K, used 41332K [0x00000000a3400000, 0x0000000100000000)
  region size 1024K, 2 young (2048K), 2 survivors (2048K)
 Metaspace       used 20919K, committed 21184K, reserved 1073152K
  class space    used 2423K, committed 2560K, reserved 1048576K
}
Event: 14.674 GC heap before
{Heap before GC invocations=9 (full 0):
 garbage-first heap   total 96256K, used 45428K [0x00000000a3400000, 0x0000000100000000)
  region size 1024K, 3 young (3072K), 2 survivors (2048K)
 Metaspace       used 20948K, committed 21248K, reserved 1073152K
  class space    used 2423K, committed 2560K, reserved 1048576K
}

